build/app/intermediates/manifest_merge_blame_file/release/manifest-merger-blame-release-report.txt
1<?xml version="1.0" encoding="utf-8"?>
2<manifest xmlns:android="http://schemas.android.com/apk/res/android"
3    package="com.example.movemate"
4    android:versionCode="1"
5    android:versionName="1.0.0" >
6
7    <uses-sdk
8        android:minSdkVersion="19"
8-->src\main\AndroidManifest.xml
9        android:targetSdkVersion="33" />
9-->src\main\AndroidManifest.xml
10
11    <uses-permission android:name="android.permission.INTERNET" />
11-->src\main\AndroidManifest.xml:3:5-67
11-->src\main\AndroidManifest.xml:3:22-64
12
13    <permission
13-->[androidx.core:core:1.12.0] AndroidManifest.xml:22:5-24:47
14        android:name="com.example.movemate.DYNAMIC_RECEIVER_NOT_EXPORTED_PERMISSION"
14-->[androidx.core:core:1.12.0] AndroidManifest.xml:23:9-81
15        android:protectionLevel="signature" />
15-->[androidx.core:core:1.12.0] AndroidManifest.xml:24:9-44
16
17    <uses-permission android:name="com.example.movemate.DYNAMIC_RECEIVER_NOT_EXPORTED_PERMISSION" />
17-->[androidx.core:core:1.12.0] AndroidManifest.xml:26:5-97
17-->[androidx.core:core:1.12.0] AndroidManifest.xml:26:22-94
18
19    <application
20        android:name="android.app.Application"
20-->src\main\AndroidManifest.xml:8:9-42
21        android:appComponentFactory="androidx.core.app.CoreComponentFactory"
21-->[androidx.core:core:1.12.0] AndroidManifest.xml:28:18-86
22        android:icon="@mipmap/ic_launcher"
22-->src\main\AndroidManifest.xml:10:9-43
23        android:label="Movemate"
23-->src\main\AndroidManifest.xml:5:9-33
24        android:networkSecurityConfig="@xml/network_security_config"
24-->src\main\AndroidManifest.xml:7:9-69
25        android:supportsRtl="true"
25-->src\main\AndroidManifest.xml:9:9-35
26        android:usesCleartextTraffic="true" >
26-->src\main\AndroidManifest.xml:6:9-44
27        <activity
27-->src\main\AndroidManifest.xml:11:9-21:20
28            android:name="com.example.movemate.MainActivity"
28-->src\main\AndroidManifest.xml:11:19-47
29            android:configChanges="orientation|keyboardHidden|keyboard|screenSize|smallestScreenSize|locale|layoutDirection|fontScale|screenLayout|density|uiMode"
29-->src\main\AndroidManifest.xml:11:138-288
30            android:exported="true"
30-->src\main\AndroidManifest.xml:11:48-71
31            android:hardwareAccelerated="true"
31-->src\main\AndroidManifest.xml:11:289-323
32            android:launchMode="singleTop"
32-->src\main\AndroidManifest.xml:11:72-102
33            android:theme="@style/LaunchTheme"
33-->src\main\AndroidManifest.xml:11:103-137
34            android:windowSoftInputMode="adjustResize" >
34-->src\main\AndroidManifest.xml:11:324-366
35
36            <!--
37                  Specifies an Android theme to apply to this Activity as soon as
38                             the Android process has started. This theme is visible to the user
39                             while the Flutter UI initializes. After that, this theme continues
40                             to determine the Window background behind the Flutter UI.
41            -->
42            <meta-data
42-->src\main\AndroidManifest.xml:16:13-119
43                android:name="io.flutter.embedding.android.NormalTheme"
43-->src\main\AndroidManifest.xml:16:24-79
44                android:resource="@style/NormalTheme" />
44-->src\main\AndroidManifest.xml:16:80-117
45
46            <intent-filter>
46-->src\main\AndroidManifest.xml:17:13-20:29
47                <action android:name="android.intent.action.MAIN" />
47-->src\main\AndroidManifest.xml:18:17-68
47-->src\main\AndroidManifest.xml:18:25-66
48
49                <category android:name="android.intent.category.LAUNCHER" />
49-->src\main\AndroidManifest.xml:19:17-76
49-->src\main\AndroidManifest.xml:19:27-74
50            </intent-filter>
51        </activity>
52        <!--
53              Don't delete the meta-data below.
54                     This is used by the Flutter tool to generate GeneratedPluginRegistrant.java
55        -->
56        <meta-data
56-->src\main\AndroidManifest.xml:24:9-71
57            android:name="flutterEmbedding"
57-->src\main\AndroidManifest.xml:24:20-51
58            android:value="2" />
58-->src\main\AndroidManifest.xml:24:52-69
59        <!--
60           Declares a provider which allows us to store files to share in
61           '.../caches/share_plus' and grant the receiving action access
62        -->
63        <provider
63-->[:share_plus] AndroidManifest.xml:15:9-23:20
64            android:name="dev.fluttercommunity.plus.share.ShareFileProvider"
64-->[:share_plus] AndroidManifest.xml:16:13-77
65            android:authorities="com.example.movemate.flutter.share_provider"
65-->[:share_plus] AndroidManifest.xml:17:13-74
66            android:exported="false"
66-->[:share_plus] AndroidManifest.xml:18:13-37
67            android:grantUriPermissions="true" >
67-->[:share_plus] AndroidManifest.xml:19:13-47
68            <meta-data
68-->[:share_plus] AndroidManifest.xml:20:13-22:68
69                android:name="android.support.FILE_PROVIDER_PATHS"
69-->[:share_plus] AndroidManifest.xml:21:17-67
70                android:resource="@xml/flutter_share_file_paths" />
70-->[:share_plus] AndroidManifest.xml:22:17-65
71        </provider>
72        <!--
73           This manifest declared broadcast receiver allows us to use an explicit
74           Intent when creating a PendingItent to be informed of the user's choice
75        -->
76        <receiver
76-->[:share_plus] AndroidManifest.xml:28:9-34:20
77            android:name="dev.fluttercommunity.plus.share.SharePlusPendingIntent"
77-->[:share_plus] AndroidManifest.xml:29:13-82
78            android:exported="false" >
78-->[:share_plus] AndroidManifest.xml:30:13-37
79            <intent-filter>
79-->[:share_plus] AndroidManifest.xml:31:13-33:29
80                <action android:name="EXTRA_CHOSEN_COMPONENT" />
80-->[:share_plus] AndroidManifest.xml:32:17-65
80-->[:share_plus] AndroidManifest.xml:32:25-62
81            </intent-filter>
82        </receiver>
83
84        <uses-library
84-->[androidx.window:window:1.0.0-beta04] AndroidManifest.xml:25:9-27:40
85            android:name="androidx.window.extensions"
85-->[androidx.window:window:1.0.0-beta04] AndroidManifest.xml:26:13-54
86            android:required="false" />
86-->[androidx.window:window:1.0.0-beta04] AndroidManifest.xml:27:13-37
87        <uses-library
87-->[androidx.window:window:1.0.0-beta04] AndroidManifest.xml:28:9-30:40
88            android:name="androidx.window.sidecar"
88-->[androidx.window:window:1.0.0-beta04] AndroidManifest.xml:29:13-51
89            android:required="false" />
89-->[androidx.window:window:1.0.0-beta04] AndroidManifest.xml:30:13-37
90
91        <activity
91-->[com.google.android.gms:play-services-auth:20.7.0] AndroidManifest.xml:23:9-27:75
92            android:name="com.google.android.gms.auth.api.signin.internal.SignInHubActivity"
92-->[com.google.android.gms:play-services-auth:20.7.0] AndroidManifest.xml:24:13-93
93            android:excludeFromRecents="true"
93-->[com.google.android.gms:play-services-auth:20.7.0] AndroidManifest.xml:25:13-46
94            android:exported="false"
94-->[com.google.android.gms:play-services-auth:20.7.0] AndroidManifest.xml:26:13-37
95            android:theme="@android:style/Theme.Translucent.NoTitleBar" />
95-->[com.google.android.gms:play-services-auth:20.7.0] AndroidManifest.xml:27:13-72
96        <!--
97            Service handling Google Sign-In user revocation. For apps that do not integrate with
98            Google Sign-In, this service will never be started.
99        -->
100        <service
100-->[com.google.android.gms:play-services-auth:20.7.0] AndroidManifest.xml:33:9-37:51
101            android:name="com.google.android.gms.auth.api.signin.RevocationBoundService"
101-->[com.google.android.gms:play-services-auth:20.7.0] AndroidManifest.xml:34:13-89
102            android:exported="true"
102-->[com.google.android.gms:play-services-auth:20.7.0] AndroidManifest.xml:35:13-36
103            android:permission="com.google.android.gms.auth.api.signin.permission.REVOCATION_NOTIFICATION"
103-->[com.google.android.gms:play-services-auth:20.7.0] AndroidManifest.xml:36:13-107
104            android:visibleToInstantApps="true" />
104-->[com.google.android.gms:play-services-auth:20.7.0] AndroidManifest.xml:37:13-48
105
106        <activity
106-->[com.google.android.gms:play-services-base:18.0.1] AndroidManifest.xml:20:9-22:45
107            android:name="com.google.android.gms.common.api.GoogleApiActivity"
107-->[com.google.android.gms:play-services-base:18.0.1] AndroidManifest.xml:20:19-85
108            android:exported="false"
108-->[com.google.android.gms:play-services-base:18.0.1] AndroidManifest.xml:22:19-43
109            android:theme="@android:style/Theme.Translucent.NoTitleBar" />
109-->[com.google.android.gms:play-services-base:18.0.1] AndroidManifest.xml:21:19-78
110
111        <meta-data
111-->[com.google.android.gms:play-services-basement:18.2.0] AndroidManifest.xml:21:9-23:69
112            android:name="com.google.android.gms.version"
112-->[com.google.android.gms:play-services-basement:18.2.0] AndroidManifest.xml:22:13-58
113            android:value="@integer/google_play_services_version" />
113-->[com.google.android.gms:play-services-basement:18.2.0] AndroidManifest.xml:23:13-66
114    </application>
115
116</manifest>